C:\Program Files\Microsoft Visual Studio\2022\Preview\MSBuild\Microsoft\VC\v170\Microsoft.CppBuild.targets(531,5): warning MSB8028: The intermediate directory (x64\Release\) contains files shared from another project (ConsoleApplication1.vcxproj).  This can lead to incorrect clean and rebuild behavior.
  Chess.cpp
C:\Users\kudze\source\repos\Chess\Chess\ConsoleApplication1\Client.h(5,10): warning C4067: unexpected tokens following preprocessor directive - expected a newline
  (compiling source file 'Chess.cpp')
  
C:\Users\kudze\source\repos\Chess\Chess\ConsoleApplication1\Client.h(6,10): warning C4067: unexpected tokens following preprocessor directive - expected a newline
  (compiling source file 'Chess.cpp')
  
C:\Users\kudze\source\repos\Chess\Chess\ConsoleApplication1\Chess.cpp(168,56): warning C4244: 'argument': conversion from 'int' to 'T', possible loss of data
C:\Users\kudze\source\repos\Chess\Chess\ConsoleApplication1\Chess.cpp(168,56): warning C4244:         with
C:\Users\kudze\source\repos\Chess\Chess\ConsoleApplication1\Chess.cpp(168,56): warning C4244:         [
C:\Users\kudze\source\repos\Chess\Chess\ConsoleApplication1\Chess.cpp(168,56): warning C4244:             T=float
C:\Users\kudze\source\repos\Chess\Chess\ConsoleApplication1\Chess.cpp(168,56): warning C4244:         ]
C:\Users\kudze\source\repos\Chess\Chess\ConsoleApplication1\Chess.cpp(168,44): warning C4244: 'argument': conversion from 'int' to 'T', possible loss of data
C:\Users\kudze\source\repos\Chess\Chess\ConsoleApplication1\Chess.cpp(168,44): warning C4244:         with
C:\Users\kudze\source\repos\Chess\Chess\ConsoleApplication1\Chess.cpp(168,44): warning C4244:         [
C:\Users\kudze\source\repos\Chess\Chess\ConsoleApplication1\Chess.cpp(168,44): warning C4244:             T=float
C:\Users\kudze\source\repos\Chess\Chess\ConsoleApplication1\Chess.cpp(168,44): warning C4244:         ]
C:\Users\kudze\source\repos\Chess\Chess\ConsoleApplication1\Chess.cpp(169,63): warning C4244: 'argument': conversion from 'int' to 'T', possible loss of data
C:\Users\kudze\source\repos\Chess\Chess\ConsoleApplication1\Chess.cpp(169,63): warning C4244:         with
C:\Users\kudze\source\repos\Chess\Chess\ConsoleApplication1\Chess.cpp(169,63): warning C4244:         [
C:\Users\kudze\source\repos\Chess\Chess\ConsoleApplication1\Chess.cpp(169,63): warning C4244:             T=float
C:\Users\kudze\source\repos\Chess\Chess\ConsoleApplication1\Chess.cpp(169,63): warning C4244:         ]
C:\Users\kudze\source\repos\Chess\Chess\ConsoleApplication1\Chess.cpp(169,43): warning C4244: 'argument': conversion from 'int' to 'T', possible loss of data
C:\Users\kudze\source\repos\Chess\Chess\ConsoleApplication1\Chess.cpp(169,43): warning C4244:         with
C:\Users\kudze\source\repos\Chess\Chess\ConsoleApplication1\Chess.cpp(169,43): warning C4244:         [
C:\Users\kudze\source\repos\Chess\Chess\ConsoleApplication1\Chess.cpp(169,43): warning C4244:             T=float
C:\Users\kudze\source\repos\Chess\Chess\ConsoleApplication1\Chess.cpp(169,43): warning C4244:         ]
C:\Users\kudze\source\repos\Chess\Chess\ConsoleApplication1\Chess.cpp(181,32): warning C4244: 'argument': conversion from 'int' to 'float', possible loss of data
C:\Users\kudze\source\repos\Chess\Chess\ConsoleApplication1\Chess.cpp(183,43): warning C4244: 'argument': conversion from 'int' to 'float', possible loss of data
C:\Users\kudze\source\repos\Chess\Chess\ConsoleApplication1\Chess.cpp(186,91): warning C4244: 'argument': conversion from 'int' to 'T', possible loss of data
C:\Users\kudze\source\repos\Chess\Chess\ConsoleApplication1\Chess.cpp(186,91): warning C4244:         with
C:\Users\kudze\source\repos\Chess\Chess\ConsoleApplication1\Chess.cpp(186,91): warning C4244:         [
C:\Users\kudze\source\repos\Chess\Chess\ConsoleApplication1\Chess.cpp(186,91): warning C4244:             T=float
C:\Users\kudze\source\repos\Chess\Chess\ConsoleApplication1\Chess.cpp(186,91): warning C4244:         ]
C:\Users\kudze\source\repos\Chess\Chess\ConsoleApplication1\Chess.cpp(186,56): warning C4244: 'argument': conversion from 'int' to 'T', possible loss of data
C:\Users\kudze\source\repos\Chess\Chess\ConsoleApplication1\Chess.cpp(186,56): warning C4244:         with
C:\Users\kudze\source\repos\Chess\Chess\ConsoleApplication1\Chess.cpp(186,56): warning C4244:         [
C:\Users\kudze\source\repos\Chess\Chess\ConsoleApplication1\Chess.cpp(186,56): warning C4244:             T=float
C:\Users\kudze\source\repos\Chess\Chess\ConsoleApplication1\Chess.cpp(186,56): warning C4244:         ]
C:\Users\kudze\source\repos\Chess\Chess\ConsoleApplication1\Chess.cpp(283,64): warning C4244: 'argument': conversion from 'int' to 'T', possible loss of data
C:\Users\kudze\source\repos\Chess\Chess\ConsoleApplication1\Chess.cpp(283,64): warning C4244:         with
C:\Users\kudze\source\repos\Chess\Chess\ConsoleApplication1\Chess.cpp(283,64): warning C4244:         [
C:\Users\kudze\source\repos\Chess\Chess\ConsoleApplication1\Chess.cpp(283,64): warning C4244:             T=float
C:\Users\kudze\source\repos\Chess\Chess\ConsoleApplication1\Chess.cpp(283,64): warning C4244:         ]
C:\Users\kudze\source\repos\Chess\Chess\ConsoleApplication1\Chess.cpp(283,52): warning C4244: 'argument': conversion from 'int' to 'T', possible loss of data
C:\Users\kudze\source\repos\Chess\Chess\ConsoleApplication1\Chess.cpp(283,52): warning C4244:         with
C:\Users\kudze\source\repos\Chess\Chess\ConsoleApplication1\Chess.cpp(283,52): warning C4244:         [
C:\Users\kudze\source\repos\Chess\Chess\ConsoleApplication1\Chess.cpp(283,52): warning C4244:             T=float
C:\Users\kudze\source\repos\Chess\Chess\ConsoleApplication1\Chess.cpp(283,52): warning C4244:         ]
C:\Users\kudze\source\repos\Chess\Chess\ConsoleApplication1\Chess.cpp(284,63): warning C4244: 'argument': conversion from 'int' to 'T', possible loss of data
C:\Users\kudze\source\repos\Chess\Chess\ConsoleApplication1\Chess.cpp(284,63): warning C4244:         with
C:\Users\kudze\source\repos\Chess\Chess\ConsoleApplication1\Chess.cpp(284,63): warning C4244:         [
C:\Users\kudze\source\repos\Chess\Chess\ConsoleApplication1\Chess.cpp(284,63): warning C4244:             T=float
C:\Users\kudze\source\repos\Chess\Chess\ConsoleApplication1\Chess.cpp(284,63): warning C4244:         ]
C:\Users\kudze\source\repos\Chess\Chess\ConsoleApplication1\Chess.cpp(284,47): warning C4244: 'argument': conversion from 'int' to 'T', possible loss of data
C:\Users\kudze\source\repos\Chess\Chess\ConsoleApplication1\Chess.cpp(284,47): warning C4244:         with
C:\Users\kudze\source\repos\Chess\Chess\ConsoleApplication1\Chess.cpp(284,47): warning C4244:         [
C:\Users\kudze\source\repos\Chess\Chess\ConsoleApplication1\Chess.cpp(284,47): warning C4244:             T=float
C:\Users\kudze\source\repos\Chess\Chess\ConsoleApplication1\Chess.cpp(284,47): warning C4244:         ]
C:\Users\kudze\source\repos\Chess\Chess\ConsoleApplication1\Chess.cpp(303,29): warning C4244: 'initializing': conversion from 'double' to 'float', possible loss of data
C:\Users\kudze\source\repos\Chess\Chess\ConsoleApplication1\Chess.cpp(310,26): warning C4244: 'initializing': conversion from 'T' to 'int', possible loss of data
C:\Users\kudze\source\repos\Chess\Chess\ConsoleApplication1\Chess.cpp(310,26): warning C4244:         with
C:\Users\kudze\source\repos\Chess\Chess\ConsoleApplication1\Chess.cpp(310,26): warning C4244:         [
C:\Users\kudze\source\repos\Chess\Chess\ConsoleApplication1\Chess.cpp(310,26): warning C4244:             T=float
C:\Users\kudze\source\repos\Chess\Chess\ConsoleApplication1\Chess.cpp(310,26): warning C4244:         ]
C:\Users\kudze\source\repos\Chess\Chess\ConsoleApplication1\Chess.cpp(311,26): warning C4244: 'initializing': conversion from 'T' to 'int', possible loss of data
C:\Users\kudze\source\repos\Chess\Chess\ConsoleApplication1\Chess.cpp(311,26): warning C4244:         with
C:\Users\kudze\source\repos\Chess\Chess\ConsoleApplication1\Chess.cpp(311,26): warning C4244:         [
C:\Users\kudze\source\repos\Chess\Chess\ConsoleApplication1\Chess.cpp(311,26): warning C4244:             T=float
C:\Users\kudze\source\repos\Chess\Chess\ConsoleApplication1\Chess.cpp(311,26): warning C4244:         ]
C:\Users\kudze\source\repos\Chess\Chess\ConsoleApplication1\Chess.cpp(312,60): warning C4244: 'argument': conversion from 'int' to 'T', possible loss of data
C:\Users\kudze\source\repos\Chess\Chess\ConsoleApplication1\Chess.cpp(312,60): warning C4244:         with
C:\Users\kudze\source\repos\Chess\Chess\ConsoleApplication1\Chess.cpp(312,60): warning C4244:         [
C:\Users\kudze\source\repos\Chess\Chess\ConsoleApplication1\Chess.cpp(312,60): warning C4244:             T=float
C:\Users\kudze\source\repos\Chess\Chess\ConsoleApplication1\Chess.cpp(312,60): warning C4244:         ]
C:\Users\kudze\source\repos\Chess\Chess\ConsoleApplication1\Chess.cpp(312,54): warning C4244: 'argument': conversion from 'int' to 'T', possible loss of data
C:\Users\kudze\source\repos\Chess\Chess\ConsoleApplication1\Chess.cpp(312,54): warning C4244:         with
C:\Users\kudze\source\repos\Chess\Chess\ConsoleApplication1\Chess.cpp(312,54): warning C4244:         [
C:\Users\kudze\source\repos\Chess\Chess\ConsoleApplication1\Chess.cpp(312,54): warning C4244:             T=float
C:\Users\kudze\source\repos\Chess\Chess\ConsoleApplication1\Chess.cpp(312,54): warning C4244:         ]
C:\Users\kudze\source\repos\Chess\Chess\ConsoleApplication1\Chess.cpp(428,15): warning C4244: 'argument': conversion from 'time_t' to 'unsigned int', possible loss of data
C:\Users\kudze\source\repos\Chess\Chess\ConsoleApplication1\Chess.cpp(472,76): warning C4244: 'argument': conversion from 'int' to 'T', possible loss of data
C:\Users\kudze\source\repos\Chess\Chess\ConsoleApplication1\Chess.cpp(472,76): warning C4244:         with
C:\Users\kudze\source\repos\Chess\Chess\ConsoleApplication1\Chess.cpp(472,76): warning C4244:         [
C:\Users\kudze\source\repos\Chess\Chess\ConsoleApplication1\Chess.cpp(472,76): warning C4244:             T=float
C:\Users\kudze\source\repos\Chess\Chess\ConsoleApplication1\Chess.cpp(472,76): warning C4244:         ]
C:\Users\kudze\source\repos\Chess\Chess\ConsoleApplication1\Chess.cpp(472,60): warning C4244: 'argument': conversion from 'int' to 'T', possible loss of data
C:\Users\kudze\source\repos\Chess\Chess\ConsoleApplication1\Chess.cpp(472,60): warning C4244:         with
C:\Users\kudze\source\repos\Chess\Chess\ConsoleApplication1\Chess.cpp(472,60): warning C4244:         [
C:\Users\kudze\source\repos\Chess\Chess\ConsoleApplication1\Chess.cpp(472,60): warning C4244:             T=float
C:\Users\kudze\source\repos\Chess\Chess\ConsoleApplication1\Chess.cpp(472,60): warning C4244:         ]
  Generating code
  4 of 923 functions ( 0.4%) were compiled, the rest were copied from previous compilation.
    0 functions were new in current compilation
    2 functions had inline decision re-evaluated but remain unchanged
  Finished generating code
  ConsoleApplication1.vcxproj -> C:\Users\kudze\source\repos\Chess\Chess\x64\Release\Chess.exe
